# JRE version: OpenJDK Runtime Environment (21.0.5) (build 21.0.5+-12932927-b750.29)
# Java VM: OpenJDK 64-Bit Server VM (21.0.5+-12932927-b750.29, mixed mode, tiered, compressed oops, compressed class ptrs, g1 gc, windows-amd64)
GC Precious Log:
 CardTable entry size: 512
 Card Set container configuration: InlinePtr #cards 4 size 8 Array Of Cards #cards 16 size 48 Howl #buckets 8 coarsen threshold 3686 Howl Bitmap #cards 512 size 80 coarsen threshold 460 Card regions per heap region 1 cards per card region 4096
 CPUs: 4 total, 4 available
 Memory: 3454M
 Large Page Support: Disabled
 NUMA Support: Disabled
 Compressed Oops: Enabled (Zero based)
 Heap Region Size: 2M
 Heap Min Capacity: 8M
 Heap Initial Capacity: 54M
 Heap Max Capacity: 4G
 Pre-touch: Disabled
 Parallel Workers: 4
 Concurrent Workers: 1
 Concurrent Refinement Workers: 4
 Periodic GC: Disabled
Heap:
 garbage-first heap   total 733184K, used 184077K [0x0000000700000000, 0x0000000800000000)
  region size 2048K, 2 young (4096K), 2 survivors (4096K)
 Metaspace       used 142759K, committed 145344K, reserved 983040K
  class space    used 19399K, committed 20672K, reserved 851968K
GC Heap History (20 events):
Event: 55.609 GC heap after
{Heap after GC invocations=77 (full 0):
 garbage-first heap   total 366592K, used 186118K [0x0000000700000000, 0x0000000800000000)
  region size 2048K, 2 young (4096K), 2 survivors (4096K)
 Metaspace       used 141728K, committed 144256K, reserved 983040K
  class space    used 19262K, committed 20544K, reserved 851968K
}
Event: 56.913 GC heap before
{Heap before GC invocations=77 (full 0):
 garbage-first heap   total 366592K, used 341766K [0x0000000700000000, 0x0000000800000000)
  region size 2048K, 78 young (159744K), 2 survivors (4096K)
 Metaspace       used 141850K, committed 144320K, reserved 983040K
  class space    used 19275K, committed 20544K, reserved 851968K
}
Event: 57.080 GC heap after
{Heap after GC invocations=78 (full 0):
 garbage-first heap   total 366592K, used 184177K [0x0000000700000000, 0x0000000800000000)
  region size 2048K, 2 young (4096K), 2 survivors (4096K)
 Metaspace       used 141850K, committed 144320K, reserved 983040K
  class space    used 19275K, committed 20544K, reserved 851968K
}
Event: 58.613 GC heap before
{Heap before GC invocations=78 (full 0):
 garbage-first heap   total 366592K, used 339825K [0x0000000700000000, 0x0000000800000000)
  region size 2048K, 79 young (161792K), 2 survivors (4096K)
 Metaspace       used 141955K, committed 144512K, reserved 983040K
  class space    used 19290K, committed 20608K, reserved 851968K
}
Event: 58.828 GC heap after
{Heap after GC invocations=79 (full 0):
 garbage-first heap   total 366592K, used 185106K [0x0000000700000000, 0x0000000800000000)
  region size 2048K, 3 young (6144K), 3 survivors (6144K)
 Metaspace       used 141955K, committed 144512K, reserved 983040K
  class space    used 19290K, committed 20608K, reserved 851968K
}
Event: 58.998 GC heap before
{Heap before GC invocations=79 (full 0):
 garbage-first heap   total 366592K, used 195346K [0x0000000700000000, 0x0000000800000000)
  region size 2048K, 8 young (16384K), 3 survivors (6144K)
 Metaspace       used 141955K, committed 144512K, reserved 983040K
  class space    used 19290K, committed 20608K, reserved 851968K
}
Event: 59.009 GC heap after
{Heap after GC invocations=80 (full 0):
 garbage-first heap   total 366592K, used 185137K [0x0000000700000000, 0x0000000800000000)
  region size 2048K, 1 young (2048K), 1 survivors (2048K)
 Metaspace       used 141955K, committed 144512K, reserved 983040K
  class space    used 19290K, committed 20608K, reserved 851968K
}
Event: 60.243 GC heap before
{Heap before GC invocations=81 (full 0):
 garbage-first heap   total 366592K, used 340785K [0x0000000700000000, 0x0000000800000000)
  region size 2048K, 78 young (159744K), 1 survivors (2048K)
 Metaspace       used 141990K, committed 144512K, reserved 983040K
  class space    used 19293K, committed 20608K, reserved 851968K
}
Event: 60.248 GC heap after
{Heap after GC invocations=82 (full 0):
 garbage-first heap   total 366592K, used 186778K [0x0000000700000000, 0x0000000800000000)
  region size 2048K, 2 young (4096K), 2 survivors (4096K)
 Metaspace       used 141990K, committed 144512K, reserved 983040K
  class space    used 19293K, committed 20608K, reserved 851968K
}
Event: 60.978 GC heap before
{Heap before GC invocations=82 (full 0):
 garbage-first heap   total 366592K, used 338330K [0x0000000700000000, 0x0000000800000000)
  region size 2048K, 77 young (157696K), 2 survivors (4096K)
 Metaspace       used 142016K, committed 144576K, reserved 983040K
  class space    used 19297K, committed 20608K, reserved 851968K
}
Event: 60.993 GC heap after
{Heap after GC invocations=83 (full 0):
 garbage-first heap   total 366592K, used 183264K [0x0000000700000000, 0x0000000800000000)
  region size 2048K, 2 young (4096K), 2 survivors (4096K)
 Metaspace       used 142016K, committed 144576K, reserved 983040K
  class space    used 19297K, committed 20608K, reserved 851968K
}
Event: 62.073 GC heap before
{Heap before GC invocations=83 (full 0):
 garbage-first heap   total 366592K, used 336864K [0x0000000700000000, 0x0000000800000000)
  region size 2048K, 78 young (159744K), 2 survivors (4096K)
 Metaspace       used 142055K, committed 144576K, reserved 983040K
  class space    used 19299K, committed 20608K, reserved 851968K
}
Event: 62.093 GC heap after
{Heap after GC invocations=84 (full 0):
 garbage-first heap   total 733184K, used 184223K [0x0000000700000000, 0x0000000800000000)
  region size 2048K, 2 young (4096K), 2 survivors (4096K)
 Metaspace       used 142055K, committed 144576K, reserved 983040K
  class space    used 19299K, committed 20608K, reserved 851968K
}
Event: 65.365 GC heap before
{Heap before GC invocations=84 (full 0):
 garbage-first heap   total 622592K, used 552863K [0x0000000700000000, 0x0000000800000000)
  region size 2048K, 182 young (372736K), 2 survivors (4096K)
 Metaspace       used 142137K, committed 144640K, reserved 983040K
  class space    used 19306K, committed 20608K, reserved 851968K
}
Event: 65.457 GC heap after
{Heap after GC invocations=85 (full 0):
 garbage-first heap   total 622592K, used 184788K [0x0000000700000000, 0x0000000800000000)
  region size 2048K, 2 young (4096K), 2 survivors (4096K)
 Metaspace       used 142137K, committed 144640K, reserved 983040K
  class space    used 19306K, committed 20608K, reserved 851968K
}
Event: 67.015 GC heap before
{Heap before GC invocations=86 (full 0):
 garbage-first heap   total 622592K, used 553428K [0x0000000700000000, 0x0000000800000000)
  region size 2048K, 182 young (372736K), 2 survivors (4096K)
 Metaspace       used 142176K, committed 144704K, reserved 983040K
  class space    used 19308K, committed 20608K, reserved 851968K
}
Event: 67.032 GC heap after
{Heap after GC invocations=87 (full 0):
 garbage-first heap   total 622592K, used 185909K [0x0000000700000000, 0x0000000800000000)
  region size 2048K, 3 young (6144K), 3 survivors (6144K)
 Metaspace       used 142176K, committed 144704K, reserved 983040K
  class space    used 19308K, committed 20608K, reserved 851968K
}
Event: 70.499 GC heap before
{Heap before GC invocations=87 (full 0):
 garbage-first heap   total 622592K, used 552501K [0x0000000700000000, 0x0000000800000000)
  region size 2048K, 182 young (372736K), 3 survivors (6144K)
 Metaspace       used 142744K, committed 145216K, reserved 983040K
  class space    used 19397K, committed 20672K, reserved 851968K
}
Event: 71.355 GC heap after
{Heap after GC invocations=88 (full 0):
 garbage-first heap   total 622592K, used 183868K [0x0000000700000000, 0x0000000800000000)
  region size 2048K, 4 young (8192K), 4 survivors (8192K)
 Metaspace       used 142744K, committed 145216K, reserved 983040K
  class space    used 19397K, committed 20672K, reserved 851968K
}
Event: 71.647 GC heap before
{Heap before GC invocations=88 (full 0):
 garbage-first heap   total 622592K, used 204348K [0x0000000700000000, 0x0000000800000000)
  region size 2048K, 15 young (30720K), 4 survivors (8192K)
 Metaspace       used 142759K, committed 145344K, reserved 983040K
  class space    used 19399K, committed 20672K, reserved 851968K
}

