# JRE version: OpenJDK Runtime Environment (21.0.5) (build 21.0.5+-12932927-b750.29)
# Java VM: OpenJDK 64-Bit Server VM (21.0.5+-12932927-b750.29, mixed mode, tiered, compressed oops, compressed class ptrs, g1 gc, windows-amd64)
GC Precious Log:
 CardTable entry size: 512
 Card Set container configuration: InlinePtr #cards 4 size 8 Array Of Cards #cards 16 size 48 Howl #buckets 8 coarsen threshold 3686 Howl Bitmap #cards 512 size 80 coarsen threshold 460 Card regions per heap region 1 cards per card region 4096
 CPUs: 4 total, 4 available
 Memory: 3454M
 Large Page Support: Disabled
 NUMA Support: Disabled
 Compressed Oops: Enabled (Zero based)
 Heap Region Size: 2M
 Heap Min Capacity: 8M
 Heap Initial Capacity: 54M
 Heap Max Capacity: 4G
 Pre-touch: Disabled
 Parallel Workers: 4
 Concurrent Workers: 1
 Concurrent Refinement Workers: 4
 Periodic GC: Disabled
Heap:
 garbage-first heap   total 659456K, used 247182K [0x0000000700000000, 0x0000000800000000)
  region size 2048K, 1 young (2048K), 1 survivors (2048K)
 Metaspace       used 210776K, committed 213760K, reserved 1048576K
  class space    used 27033K, committed 28544K, reserved 851968K
GC Heap History (20 events):
Event: 159.960 GC heap after
{Heap after GC invocations=81 (full 0):
 garbage-first heap   total 329728K, used 191893K [0x0000000700000000, 0x0000000800000000)
  region size 2048K, 1 young (2048K), 1 survivors (2048K)
 Metaspace       used 186875K, committed 189760K, reserved 1048576K
  class space    used 24112K, committed 25600K, reserved 851968K
}
Event: 161.884 GC heap before
{Heap before GC invocations=81 (full 0):
 garbage-first heap   total 329728K, used 294293K [0x0000000700000000, 0x0000000800000000)
  region size 2048K, 52 young (106496K), 1 survivors (2048K)
 Metaspace       used 188118K, committed 191104K, reserved 1048576K
  class space    used 24246K, committed 25728K, reserved 851968K
}
Event: 161.910 GC heap after
{Heap after GC invocations=82 (full 0):
 garbage-first heap   total 659456K, used 199547K [0x0000000700000000, 0x0000000800000000)
  region size 2048K, 5 young (10240K), 5 survivors (10240K)
 Metaspace       used 188118K, committed 191104K, reserved 1048576K
  class space    used 24246K, committed 25728K, reserved 851968K
}
Event: 171.179 GC heap before
{Heap before GC invocations=82 (full 0):
 garbage-first heap   total 659456K, used 379771K [0x0000000700000000, 0x0000000800000000)
  region size 2048K, 94 young (192512K), 5 survivors (10240K)
 Metaspace       used 197525K, committed 200448K, reserved 1048576K
  class space    used 25243K, committed 26688K, reserved 851968K
}
Event: 171.388 GC heap after
{Heap after GC invocations=83 (full 0):
 garbage-first heap   total 659456K, used 217497K [0x0000000700000000, 0x0000000800000000)
  region size 2048K, 12 young (24576K), 12 survivors (24576K)
 Metaspace       used 197525K, committed 200448K, reserved 1048576K
  class space    used 25243K, committed 26688K, reserved 851968K
}
Event: 178.780 GC heap before
{Heap before GC invocations=83 (full 0):
 garbage-first heap   total 659456K, used 340377K [0x0000000700000000, 0x0000000800000000)
  region size 2048K, 73 young (149504K), 12 survivors (24576K)
 Metaspace       used 200880K, committed 203840K, reserved 1048576K
  class space    used 25696K, committed 27200K, reserved 851968K
}
Event: 183.300 GC heap after
{Heap after GC invocations=84 (full 0):
 garbage-first heap   total 659456K, used 230839K [0x0000000700000000, 0x0000000800000000)
  region size 2048K, 8 young (16384K), 8 survivors (16384K)
 Metaspace       used 200880K, committed 203840K, reserved 1048576K
  class space    used 25696K, committed 27200K, reserved 851968K
}
Event: 185.198 GC heap before
{Heap before GC invocations=84 (full 0):
 garbage-first heap   total 659456K, used 245175K [0x0000000700000000, 0x0000000800000000)
  region size 2048K, 16 young (32768K), 8 survivors (16384K)
 Metaspace       used 200905K, committed 203840K, reserved 1048576K
  class space    used 25696K, committed 27200K, reserved 851968K
}
Event: 185.417 GC heap after
{Heap after GC invocations=85 (full 0):
 garbage-first heap   total 659456K, used 235120K [0x0000000700000000, 0x0000000800000000)
  region size 2048K, 2 young (4096K), 2 survivors (4096K)
 Metaspace       used 200905K, committed 203840K, reserved 1048576K
  class space    used 25696K, committed 27200K, reserved 851968K
}
Event: 188.178 GC heap before
{Heap before GC invocations=85 (full 0):
 garbage-first heap   total 659456K, used 261744K [0x0000000700000000, 0x0000000800000000)
  region size 2048K, 16 young (32768K), 2 survivors (4096K)
 Metaspace       used 203159K, committed 206080K, reserved 1048576K
  class space    used 25956K, committed 27456K, reserved 851968K
}
Event: 188.190 GC heap after
{Heap after GC invocations=86 (full 0):
 garbage-first heap   total 659456K, used 236553K [0x0000000700000000, 0x0000000800000000)
  region size 2048K, 1 young (2048K), 1 survivors (2048K)
 Metaspace       used 203159K, committed 206080K, reserved 1048576K
  class space    used 25956K, committed 27456K, reserved 851968K
}
Event: 188.780 GC heap before
{Heap before GC invocations=86 (full 0):
 garbage-first heap   total 659456K, used 265225K [0x0000000700000000, 0x0000000800000000)
  region size 2048K, 16 young (32768K), 1 survivors (2048K)
 Metaspace       used 203507K, committed 206464K, reserved 1048576K
  class space    used 26009K, committed 27520K, reserved 851968K
}
Event: 188.794 GC heap after
{Heap after GC invocations=87 (full 0):
 garbage-first heap   total 659456K, used 241664K [0x0000000700000000, 0x0000000800000000)
  region size 2048K, 2 young (4096K), 2 survivors (4096K)
 Metaspace       used 203507K, committed 206464K, reserved 1048576K
  class space    used 26009K, committed 27520K, reserved 851968K
}
Event: 189.282 GC heap before
{Heap before GC invocations=87 (full 0):
 garbage-first heap   total 659456K, used 268288K [0x0000000700000000, 0x0000000800000000)
  region size 2048K, 16 young (32768K), 2 survivors (4096K)
 Metaspace       used 204971K, committed 207936K, reserved 1048576K
  class space    used 26281K, committed 27776K, reserved 851968K
}
Event: 189.298 GC heap after
{Heap after GC invocations=88 (full 0):
 garbage-first heap   total 659456K, used 245776K [0x0000000700000000, 0x0000000800000000)
  region size 2048K, 2 young (4096K), 2 survivors (4096K)
 Metaspace       used 204971K, committed 207936K, reserved 1048576K
  class space    used 26281K, committed 27776K, reserved 851968K
}
Event: 190.116 GC heap before
{Heap before GC invocations=88 (full 0):
 garbage-first heap   total 659456K, used 274448K [0x0000000700000000, 0x0000000800000000)
  region size 2048K, 16 young (32768K), 2 survivors (4096K)
 Metaspace       used 207896K, committed 210880K, reserved 1048576K
  class space    used 26729K, committed 28288K, reserved 851968K
}
Event: 190.126 GC heap after
{Heap after GC invocations=89 (full 0):
 garbage-first heap   total 659456K, used 246394K [0x0000000700000000, 0x0000000800000000)
  region size 2048K, 1 young (2048K), 1 survivors (2048K)
 Metaspace       used 207896K, committed 210880K, reserved 1048576K
  class space    used 26729K, committed 28288K, reserved 851968K
}
Event: 190.795 GC heap before
{Heap before GC invocations=89 (full 0):
 garbage-first heap   total 659456K, used 285306K [0x0000000700000000, 0x0000000800000000)
  region size 2048K, 22 young (45056K), 1 survivors (2048K)
 Metaspace       used 209575K, committed 212608K, reserved 1048576K
  class space    used 26888K, committed 28416K, reserved 851968K
}
Event: 190.822 GC heap after
{Heap after GC invocations=90 (full 0):
 garbage-first heap   total 659456K, used 246524K [0x0000000700000000, 0x0000000800000000)
  region size 2048K, 1 young (2048K), 1 survivors (2048K)
 Metaspace       used 209575K, committed 212608K, reserved 1048576K
  class space    used 26888K, committed 28416K, reserved 851968K
}
Event: 192.063 GC heap before
{Heap before GC invocations=90 (full 0):
 garbage-first heap   total 659456K, used 322300K [0x0000000700000000, 0x0000000800000000)
  region size 2048K, 38 young (77824K), 1 survivors (2048K)
 Metaspace       used 210776K, committed 213760K, reserved 1048576K
  class space    used 27033K, committed 28544K, reserved 851968K
}

