# JRE version: OpenJDK Runtime Environment (21.0.5) (build 21.0.5+-12932927-b750.29)
# Java VM: OpenJDK 64-Bit Server VM (21.0.5+-12932927-b750.29, mixed mode, tiered, compressed oops, compressed class ptrs, g1 gc, windows-amd64)
GC Precious Log:
 CardTable entry size: 512
 Card Set container configuration: InlinePtr #cards 4 size 8 Array Of Cards #cards 16 size 48 Howl #buckets 8 coarsen threshold 3686 Howl Bitmap #cards 512 size 80 coarsen threshold 460 Card regions per heap region 1 cards per card region 4096
 CPUs: 4 total, 4 available
 Memory: 3454M
 Large Page Support: Disabled
 NUMA Support: Disabled
 Compressed Oops: Enabled (Zero based)
 Heap Region Size: 2M
 Heap Min Capacity: 8M
 Heap Initial Capacity: 54M
 Heap Max Capacity: 4G
 Pre-touch: Disabled
 Parallel Workers: 4
 Concurrent Workers: 1
 Concurrent Refinement Workers: 4
 Periodic GC: Disabled
Heap:
 garbage-first heap   total 970752K, used 285574K [0x0000000700000000, 0x0000000800000000)
  region size 2048K, 3 young (6144K), 3 survivors (6144K)
 Metaspace       used 202351K, committed 205312K, reserved 1048576K
  class space    used 25721K, committed 27200K, reserved 851968K
GC Heap History (20 events):
Event: 255.773 GC heap after
{Heap after GC invocations=80 (full 0):
 garbage-first heap   total 813056K, used 244233K [0x0000000700000000, 0x0000000800000000)
  region size 2048K, 3 young (6144K), 3 survivors (6144K)
 Metaspace       used 181439K, committed 184256K, reserved 1048576K
  class space    used 23072K, committed 24512K, reserved 851968K
}
Event: 316.908 GC heap before
{Heap before GC invocations=80 (full 0):
 garbage-first heap   total 813056K, used 332297K [0x0000000700000000, 0x0000000800000000)
  region size 2048K, 47 young (96256K), 3 survivors (6144K)
 Metaspace       used 192211K, committed 195072K, reserved 1048576K
  class space    used 24431K, committed 25856K, reserved 851968K
}
Event: 317.038 GC heap after
{Heap after GC invocations=81 (full 0):
 garbage-first heap   total 813056K, used 247719K [0x0000000700000000, 0x0000000800000000)
  region size 2048K, 5 young (10240K), 5 survivors (10240K)
 Metaspace       used 192211K, committed 195072K, reserved 1048576K
  class space    used 24431K, committed 25856K, reserved 851968K
}
Event: 343.316 GC heap before
{Heap before GC invocations=81 (full 0):
 garbage-first heap   total 813056K, used 286631K [0x0000000700000000, 0x0000000800000000)
  region size 2048K, 24 young (49152K), 5 survivors (10240K)
 Metaspace       used 197848K, committed 200768K, reserved 1048576K
  class space    used 25144K, committed 26624K, reserved 851968K
}
Event: 343.356 GC heap after
{Heap after GC invocations=82 (full 0):
 garbage-first heap   total 813056K, used 250482K [0x0000000700000000, 0x0000000800000000)
  region size 2048K, 2 young (4096K), 2 survivors (4096K)
 Metaspace       used 197848K, committed 200768K, reserved 1048576K
  class space    used 25144K, committed 26624K, reserved 851968K
}
Event: 344.997 GC heap before
{Heap before GC invocations=82 (full 0):
 garbage-first heap   total 813056K, used 408178K [0x0000000700000000, 0x0000000800000000)
  region size 2048K, 80 young (163840K), 2 survivors (4096K)
 Metaspace       used 197930K, committed 200832K, reserved 1048576K
  class space    used 25147K, committed 26624K, reserved 851968K
}
Event: 345.015 GC heap after
{Heap after GC invocations=83 (full 0):
 garbage-first heap   total 813056K, used 246454K [0x0000000700000000, 0x0000000800000000)
  region size 2048K, 3 young (6144K), 3 survivors (6144K)
 Metaspace       used 197930K, committed 200832K, reserved 1048576K
  class space    used 25147K, committed 26624K, reserved 851968K
}
Event: 346.271 GC heap before
{Heap before GC invocations=83 (full 0):
 garbage-first heap   total 813056K, used 281270K [0x0000000700000000, 0x0000000800000000)
  region size 2048K, 19 young (38912K), 3 survivors (6144K)
 Metaspace       used 198344K, committed 201280K, reserved 1048576K
  class space    used 25199K, committed 26688K, reserved 851968K
}
Event: 346.285 GC heap after
{Heap after GC invocations=84 (full 0):
 garbage-first heap   total 813056K, used 246125K [0x0000000700000000, 0x0000000800000000)
  region size 2048K, 1 young (2048K), 1 survivors (2048K)
 Metaspace       used 198344K, committed 201280K, reserved 1048576K
  class space    used 25199K, committed 26688K, reserved 851968K
}
Event: 347.715 GC heap before
{Heap before GC invocations=84 (full 0):
 garbage-first heap   total 813056K, used 293229K [0x0000000700000000, 0x0000000800000000)
  region size 2048K, 24 young (49152K), 1 survivors (2048K)
 Metaspace       used 202145K, committed 205056K, reserved 1048576K
  class space    used 25717K, committed 27200K, reserved 851968K
}
Event: 347.722 GC heap after
{Heap after GC invocations=85 (full 0):
 garbage-first heap   total 813056K, used 249646K [0x0000000700000000, 0x0000000800000000)
  region size 2048K, 3 young (6144K), 3 survivors (6144K)
 Metaspace       used 202145K, committed 205056K, reserved 1048576K
  class space    used 25717K, committed 27200K, reserved 851968K
}
Event: 347.995 GC heap before
{Heap before GC invocations=85 (full 0):
 garbage-first heap   total 813056K, used 282414K [0x0000000700000000, 0x0000000800000000)
  region size 2048K, 19 young (38912K), 3 survivors (6144K)
 Metaspace       used 202336K, committed 205248K, reserved 1048576K
  class space    used 25721K, committed 27200K, reserved 851968K
}
Event: 348.025 GC heap after
{Heap after GC invocations=86 (full 0):
 garbage-first heap   total 813056K, used 256775K [0x0000000700000000, 0x0000000800000000)
  region size 2048K, 3 young (6144K), 3 survivors (6144K)
 Metaspace       used 202336K, committed 205248K, reserved 1048576K
  class space    used 25721K, committed 27200K, reserved 851968K
}
Event: 348.242 GC heap before
{Heap before GC invocations=86 (full 0):
 garbage-first heap   total 813056K, used 289543K [0x0000000700000000, 0x0000000800000000)
  region size 2048K, 19 young (38912K), 3 survivors (6144K)
 Metaspace       used 202342K, committed 205312K, reserved 1048576K
  class space    used 25721K, committed 27200K, reserved 851968K
}
Event: 348.270 GC heap after
{Heap after GC invocations=87 (full 0):
 garbage-first heap   total 813056K, used 263819K [0x0000000700000000, 0x0000000800000000)
  region size 2048K, 3 young (6144K), 3 survivors (6144K)
 Metaspace       used 202342K, committed 205312K, reserved 1048576K
  class space    used 25721K, committed 27200K, reserved 851968K
}
Event: 348.545 GC heap before
{Heap before GC invocations=87 (full 0):
 garbage-first heap   total 813056K, used 296587K [0x0000000700000000, 0x0000000800000000)
  region size 2048K, 19 young (38912K), 3 survivors (6144K)
 Metaspace       used 202346K, committed 205312K, reserved 1048576K
  class space    used 25721K, committed 27200K, reserved 851968K
}
Event: 348.586 GC heap after
{Heap after GC invocations=88 (full 0):
 garbage-first heap   total 813056K, used 270889K [0x0000000700000000, 0x0000000800000000)
  region size 2048K, 3 young (6144K), 3 survivors (6144K)
 Metaspace       used 202346K, committed 205312K, reserved 1048576K
  class space    used 25721K, committed 27200K, reserved 851968K
}
Event: 348.889 GC heap before
{Heap before GC invocations=88 (full 0):
 garbage-first heap   total 813056K, used 301609K [0x0000000700000000, 0x0000000800000000)
  region size 2048K, 19 young (38912K), 3 survivors (6144K)
 Metaspace       used 202350K, committed 205312K, reserved 1048576K
  class space    used 25721K, committed 27200K, reserved 851968K
}
Event: 348.949 GC heap after
{Heap after GC invocations=89 (full 0):
 garbage-first heap   total 813056K, used 278281K [0x0000000700000000, 0x0000000800000000)
  region size 2048K, 3 young (6144K), 3 survivors (6144K)
 Metaspace       used 202350K, committed 205312K, reserved 1048576K
  class space    used 25721K, committed 27200K, reserved 851968K
}
Event: 349.168 GC heap before
{Heap before GC invocations=89 (full 0):
 garbage-first heap   total 813056K, used 311049K [0x0000000700000000, 0x0000000800000000)
  region size 2048K, 19 young (38912K), 3 survivors (6144K)
 Metaspace       used 202351K, committed 205312K, reserved 1048576K
  class space    used 25721K, committed 27200K, reserved 851968K
}

