# JRE version: OpenJDK Runtime Environment (21.0.5) (build 21.0.5+-12932927-b750.29)
# Java VM: OpenJDK 64-Bit Server VM (21.0.5+-12932927-b750.29, mixed mode, tiered, compressed oops, compressed class ptrs, g1 gc, windows-amd64)
GC Precious Log:
 CardTable entry size: 512
 Card Set container configuration: InlinePtr #cards 4 size 8 Array Of Cards #cards 16 size 48 Howl #buckets 8 coarsen threshold 3686 Howl Bitmap #cards 512 size 80 coarsen threshold 460 Card regions per heap region 1 cards per card region 4096
 CPUs: 4 total, 4 available
 Memory: 3454M
 Large Page Support: Disabled
 NUMA Support: Disabled
 Compressed Oops: Enabled (Zero based)
 Heap Region Size: 2M
 Heap Min Capacity: 8M
 Heap Initial Capacity: 54M
 Heap Max Capacity: 4G
 Pre-touch: Disabled
 Parallel Workers: 4
 Concurrent Workers: 1
 Concurrent Refinement Workers: 4
 Periodic GC: Disabled
Heap:
 garbage-first heap   total 706560K, used 240240K [0x0000000700000000, 0x0000000800000000)
  region size 2048K, 10 young (20480K), 10 survivors (20480K)
 Metaspace       used 157749K, committed 160384K, reserved 1048576K
  class space    used 20873K, committed 22208K, reserved 851968K
GC Heap History (20 events):
Event: 40.182 GC heap after
{Heap after GC invocations=66 (full 0):
 garbage-first heap   total 264192K, used 161333K [0x0000000700000000, 0x0000000800000000)
  region size 2048K, 4 young (8192K), 4 survivors (8192K)
 Metaspace       used 135027K, committed 137536K, reserved 983040K
  class space    used 18124K, committed 19392K, reserved 851968K
}
Event: 40.637 GC heap before
{Heap before GC invocations=66 (full 0):
 garbage-first heap   total 264192K, used 237109K [0x0000000700000000, 0x0000000800000000)
  region size 2048K, 42 young (86016K), 4 survivors (8192K)
 Metaspace       used 136742K, committed 139264K, reserved 983040K
  class space    used 18337K, committed 19584K, reserved 851968K
}
Event: 40.647 GC heap after
{Heap after GC invocations=67 (full 0):
 garbage-first heap   total 706560K, used 163609K [0x0000000700000000, 0x0000000800000000)
  region size 2048K, 3 young (6144K), 3 survivors (6144K)
 Metaspace       used 136742K, committed 139264K, reserved 983040K
  class space    used 18337K, committed 19584K, reserved 851968K
}
Event: 51.050 GC heap before
{Heap before GC invocations=68 (full 0):
 garbage-first heap   total 552960K, used 507673K [0x0000000700000000, 0x0000000800000000)
  region size 2048K, 162 young (331776K), 3 survivors (6144K)
 Metaspace       used 148166K, committed 150784K, reserved 983040K
  class space    used 19700K, committed 21056K, reserved 851968K
}
Event: 51.215 GC heap after
{Heap after GC invocations=69 (full 0):
 garbage-first heap   total 552960K, used 173458K [0x0000000700000000, 0x0000000800000000)
  region size 2048K, 5 young (10240K), 5 survivors (10240K)
 Metaspace       used 148166K, committed 150784K, reserved 983040K
  class space    used 19700K, committed 21056K, reserved 851968K
}
Event: 65.363 GC heap before
{Heap before GC invocations=69 (full 0):
 garbage-first heap   total 552960K, used 497042K [0x0000000700000000, 0x0000000800000000)
  region size 2048K, 162 young (331776K), 5 survivors (10240K)
 Metaspace       used 154960K, committed 157568K, reserved 1048576K
  class space    used 20540K, committed 21888K, reserved 851968K
}
Event: 65.542 GC heap after
{Heap after GC invocations=70 (full 0):
 garbage-first heap   total 552960K, used 184978K [0x0000000700000000, 0x0000000800000000)
  region size 2048K, 11 young (22528K), 11 survivors (22528K)
 Metaspace       used 154960K, committed 157568K, reserved 1048576K
  class space    used 20540K, committed 21888K, reserved 851968K
}
Event: 87.452 GC heap before
{Heap before GC invocations=70 (full 0):
 garbage-first heap   total 552960K, used 490130K [0x0000000700000000, 0x0000000800000000)
  region size 2048K, 162 young (331776K), 11 survivors (22528K)
 Metaspace       used 157390K, committed 160000K, reserved 1048576K
  class space    used 20854K, committed 22208K, reserved 851968K
}
Event: 88.470 GC heap after
{Heap after GC invocations=71 (full 0):
 garbage-first heap   total 552960K, used 197717K [0x0000000700000000, 0x0000000800000000)
  region size 2048K, 17 young (34816K), 17 survivors (34816K)
 Metaspace       used 157390K, committed 160000K, reserved 1048576K
  class space    used 20854K, committed 22208K, reserved 851968K
}
Event: 88.573 GC heap before
{Heap before GC invocations=71 (full 0):
 garbage-first heap   total 552960K, used 199765K [0x0000000700000000, 0x0000000800000000)
  region size 2048K, 18 young (36864K), 17 survivors (34816K)
 Metaspace       used 157390K, committed 160000K, reserved 1048576K
  class space    used 20854K, committed 22208K, reserved 851968K
}
Event: 88.844 GC heap after
{Heap after GC invocations=72 (full 0):
 garbage-first heap   total 552960K, used 201667K [0x0000000700000000, 0x0000000800000000)
  region size 2048K, 2 young (4096K), 2 survivors (4096K)
 Metaspace       used 157390K, committed 160000K, reserved 1048576K
  class space    used 20854K, committed 22208K, reserved 851968K
}
Event: 90.589 GC heap before
{Heap before GC invocations=72 (full 0):
 garbage-first heap   total 552960K, used 224195K [0x0000000700000000, 0x0000000800000000)
  region size 2048K, 13 young (26624K), 2 survivors (4096K)
 Metaspace       used 157481K, committed 160064K, reserved 1048576K
  class space    used 20860K, committed 22208K, reserved 851968K
}
Event: 90.592 GC heap after
{Heap after GC invocations=73 (full 0):
 garbage-first heap   total 552960K, used 199013K [0x0000000700000000, 0x0000000800000000)
  region size 2048K, 1 young (2048K), 1 survivors (2048K)
 Metaspace       used 157481K, committed 160064K, reserved 1048576K
  class space    used 20860K, committed 22208K, reserved 851968K
}
Event: 91.242 GC heap before
{Heap before GC invocations=74 (full 0):
 garbage-first heap   total 552960K, used 223589K [0x0000000700000000, 0x0000000800000000)
  region size 2048K, 13 young (26624K), 1 survivors (2048K)
 Metaspace       used 157484K, committed 160064K, reserved 1048576K
  class space    used 20860K, committed 22208K, reserved 851968K
}
Event: 91.248 GC heap after
{Heap after GC invocations=75 (full 0):
 garbage-first heap   total 552960K, used 199017K [0x0000000700000000, 0x0000000800000000)
  region size 2048K, 1 young (2048K), 1 survivors (2048K)
 Metaspace       used 157484K, committed 160064K, reserved 1048576K
  class space    used 20860K, committed 22208K, reserved 851968K
}
Event: 97.408 GC heap before
{Heap before GC invocations=75 (full 0):
 garbage-first heap   total 552960K, used 479593K [0x0000000700000000, 0x0000000800000000)
  region size 2048K, 139 young (284672K), 1 survivors (2048K)
 Metaspace       used 157655K, committed 160320K, reserved 1048576K
  class space    used 20868K, committed 22208K, reserved 851968K
}
Event: 97.461 GC heap after
{Heap after GC invocations=76 (full 0):
 garbage-first heap   total 552960K, used 224798K [0x0000000700000000, 0x0000000800000000)
  region size 2048K, 15 young (30720K), 15 survivors (30720K)
 Metaspace       used 157655K, committed 160320K, reserved 1048576K
  class space    used 20868K, committed 22208K, reserved 851968K
}
Event: 97.529 GC heap before
{Heap before GC invocations=76 (full 0):
 garbage-first heap   total 552960K, used 243230K [0x0000000700000000, 0x0000000800000000)
  region size 2048K, 24 young (49152K), 15 survivors (30720K)
 Metaspace       used 157657K, committed 160320K, reserved 1048576K
  class space    used 20868K, committed 22208K, reserved 851968K
}
Event: 97.568 GC heap after
{Heap after GC invocations=77 (full 0):
 garbage-first heap   total 552960K, used 226480K [0x0000000700000000, 0x0000000800000000)
  region size 2048K, 2 young (4096K), 2 survivors (4096K)
 Metaspace       used 157657K, committed 160320K, reserved 1048576K
  class space    used 20868K, committed 22208K, reserved 851968K
}
Event: 98.876 GC heap before
{Heap before GC invocations=77 (full 0):
 garbage-first heap   total 552960K, used 502960K [0x0000000700000000, 0x0000000800000000)
  region size 2048K, 138 young (282624K), 2 survivors (4096K)
 Metaspace       used 157749K, committed 160384K, reserved 1048576K
  class space    used 20873K, committed 22208K, reserved 851968K
}

